[debug] [2023-05-18T17:40:47.233Z] ----------------------------------------------------------------------
[debug] [2023-05-18T17:40:47.235Z] Command:       C:\Program Files\nodejs\node.exe C:\Users\SHAMIM\AppData\Roaming\npm\node_modules\firebase-tools\lib\bin\firebase.js init
[debug] [2023-05-18T17:40:47.236Z] CLI Version:   12.0.0
[debug] [2023-05-18T17:40:47.236Z] Platform:      win32
[debug] [2023-05-18T17:40:47.237Z] Node Version:  v18.13.0
[debug] [2023-05-18T17:40:47.238Z] Time:          Thu May 18 2023 23:40:47 GMT+0600 (Bangladesh Standard Time)
[debug] [2023-05-18T17:40:47.238Z] ----------------------------------------------------------------------
[debug] 
[debug] [2023-05-18T17:40:47.242Z] >>> [apiv2][query] GET https://firebase-public.firebaseio.com/cli.json [none]
[debug] [2023-05-18T17:40:47.315Z] > command requires scopes: ["email","openid","https://www.googleapis.com/auth/cloudplatformprojects.readonly","https://www.googleapis.com/auth/firebase","https://www.googleapis.com/auth/cloud-platform"]
[debug] [2023-05-18T17:40:47.316Z] > authorizing via signed-in user (mdshamimmiah000000@gmail.com)
[info] 
     ######## #### ########  ######## ########     ###     ######  ########
     ##        ##  ##     ## ##       ##     ##  ##   ##  ##       ##
     ######    ##  ########  ######   ########  #########  ######  ######
     ##        ##  ##    ##  ##       ##     ## ##     ##       ## ##
     ##       #### ##     ## ######## ########  ##     ##  ######  ########

You're about to initialize a Firebase project in this directory:

  D:\Web Debolopment with Janker Mahbub\All-projects\assignment-eleven\toy-vehicles-server

[debug] [2023-05-18T17:40:47.980Z] <<< [apiv2][status] GET https://firebase-public.firebaseio.com/cli.json 200
[debug] [2023-05-18T17:40:47.981Z] <<< [apiv2][body] GET https://firebase-public.firebaseio.com/cli.json {"cloudBuildErrorAfter":1594252800000,"cloudBuildWarnAfter":1590019200000,"defaultNode10After":1594252800000,"minVersion":"3.0.5","node8DeploysDisabledAfter":1613390400000,"node8RuntimeDisabledAfter":1615809600000,"node8WarnAfter":1600128000000}
[info] 
=== Project Setup
[info] 
[info] First, let's associate this project directory with a Firebase project.
[info] You can create multiple project aliases by running firebase use --add, 
[info] but for now we'll just set up a default project.
[info] 
[info] i  If you want to create a project in a Google Cloud organization or folder, please use "firebase projects:create" instead, and return to this command when you've created the project. 
